Archivo: c2.gram
11/29/2022 9:53:03 AM
Gramatica ST
: ST
cplusplus ST

 FinProduccion
Programa ST
-> Produce
Librerias ST
Variables ST
Main ST

 FinProduccion
Main ST
-> Produce
TipoDato ST
main ST
( ST
) ST
BloqueInstrucciones ST

 FinProduccion
Librerias ST
-> Produce
# ST
include ST
< ST
Identificador ST
. ST
h ST
> ST

 FinProduccion
Variables ST
-> Produce
\( PIzquierdo
Identificador ST
\) PDerecho

 FinProduccion
Printf ST
-> Produce
printf ST
( ST
\( PIzquierdo
Cadena ST
\) PDerecho
) ST
; ST

 FinProduccion
Scanf ST
-> Produce
scanf ST
( ST
\( PIzquierdo
Cadena ST
\) PDerecho
) ST

 FinProduccion
BloqueInstrucciones ST
-> Produce
{ ST
ListaInstrucciones ST
} ST

 FinProduccion
ListaInstrucciones ST
-> Produce
Instruccion ST
\( PIzquierdo
Variables ST
